<?xml version="1.0" encoding="UTF-8" ?>
<testsuite tests="35" failures="0" name="tests.Smoketest1" time="0.016" errors="0" skipped="0">
  <properties>
    <property name="java.runtime.name" value="Java(TM) SE Runtime Environment"/>
    <property name="sun.boot.library.path" value="C:\Program Files\Java\jdk1.8.0_171\jre\bin"/>
    <property name="java.vm.version" value="25.171-b11"/>
    <property name="java.vm.vendor" value="Oracle Corporation"/>
    <property name="maven.multiModuleProjectDirectory" value="F:\batch239\w2sms"/>
    <property name="java.vendor.url" value="http://java.oracle.com/"/>
    <property name="path.separator" value=";"/>
    <property name="guice.disable.misplaced.annotation.check" value="true"/>
    <property name="java.vm.name" value="Java HotSpot(TM) Client VM"/>
    <property name="file.encoding.pkg" value="sun.io"/>
    <property name="user.script" value=""/>
    <property name="user.country" value="US"/>
    <property name="sun.java.launcher" value="SUN_STANDARD"/>
    <property name="sun.os.patch.level" value=""/>
    <property name="test" value="Smoketest1.java"/>
    <property name="java.vm.specification.name" value="Java Virtual Machine Specification"/>
    <property name="user.dir" value="F:\batch239\w2sms"/>
    <property name="java.runtime.version" value="1.8.0_171-b11"/>
    <property name="java.awt.graphicsenv" value="sun.awt.Win32GraphicsEnvironment"/>
    <property name="java.endorsed.dirs" value="C:\Program Files\Java\jdk1.8.0_171\jre\lib\endorsed"/>
    <property name="os.arch" value="x86"/>
    <property name="java.io.tmpdir" value="C:\Windows\TEMP\"/>
    <property name="line.separator" value="
"/>
    <property name="java.vm.specification.vendor" value="Oracle Corporation"/>
    <property name="user.variant" value=""/>
    <property name="os.name" value="Windows 7"/>
    <property name="classworlds.conf" value="F:\batch239\apache-maven-3.5.4\apache-maven-3.5.4\bin\..\bin\m2.conf"/>
    <property name="sun.jnu.encoding" value="Cp1252"/>
    <property name="java.library.path" value="C:\Program Files\Java\jdk1.8.0_171\bin;C:\Windows\Sun\Java\bin;C:\Windows\system32;C:\Windows;C:\Windows\System32;C:\Program Files\Common Files\Oracle\Java\javapath;C:\ProgramData\Oracle\Java\javapath;C:\Windows\system32;C:\Windows;C:\Windows\System32\Wbem;C:\Windows\System32\WindosPowerShell\v1.0\;C:\Program Files\Java\jdk1.8.0_171\bin\;F:\batch239\myandroid\tools;F:\batch239\myandroid\platform-tools;F:\batch239\myandroid\build-tools\25.0.1;C:\Program Files\nodejs\;F:\batch239\apache-maven-3.5.4\apache-maven-3.5.4\bin;;."/>
    <property name="maven.conf" value="F:\batch239\apache-maven-3.5.4\apache-maven-3.5.4\bin\../conf"/>
    <property name="java.specification.name" value="Java Platform API Specification"/>
    <property name="java.class.version" value="52.0"/>
    <property name="sun.management.compiler" value="HotSpot Client Compiler"/>
    <property name="os.version" value="6.1"/>
    <property name="library.jansi.path" value="F:\batch239\apache-maven-3.5.4\apache-maven-3.5.4\bin\..\lib\jansi-native"/>
    <property name="user.home" value="C:\Windows\system32\config\systemprofile"/>
    <property name="user.timezone" value="Asia/Calcutta"/>
    <property name="java.awt.printerjob" value="sun.awt.windows.WPrinterJob"/>
    <property name="java.specification.version" value="1.8"/>
    <property name="file.encoding" value="Cp1252"/>
    <property name="user.name" value="SOWJANYA-PC$"/>
    <property name="java.class.path" value="F:\batch239\apache-maven-3.5.4\apache-maven-3.5.4\bin\..\boot\plexus-classworlds-2.5.2.jar"/>
    <property name="java.vm.specification.version" value="1.8"/>
    <property name="sun.arch.data.model" value="32"/>
    <property name="java.home" value="C:\Program Files\Java\jdk1.8.0_171\jre"/>
    <property name="sun.java.command" value="org.codehaus.plexus.classworlds.launcher.Launcher test -Dtest=Smoketest1.java"/>
    <property name="java.specification.vendor" value="Oracle Corporation"/>
    <property name="user.language" value="en"/>
    <property name="awt.toolkit" value="sun.awt.windows.WToolkit"/>
    <property name="java.vm.info" value="mixed mode, sharing"/>
    <property name="java.version" value="1.8.0_171"/>
    <property name="java.ext.dirs" value="C:\Program Files\Java\jdk1.8.0_171\jre\lib\ext;C:\Windows\Sun\Java\lib\ext"/>
    <property name="sun.boot.class.path" value="C:\Program Files\Java\jdk1.8.0_171\jre\lib\resources.jar;C:\Program Files\Java\jdk1.8.0_171\jre\lib\rt.jar;C:\Program Files\Java\jdk1.8.0_171\jre\lib\sunrsasign.jar;C:\Program Files\Java\jdk1.8.0_171\jre\lib\jsse.jar;C:\Program Files\Java\jdk1.8.0_171\jre\lib\jce.jar;C:\Program Files\Java\jdk1.8.0_171\jre\lib\charsets.jar;C:\Program Files\Java\jdk1.8.0_171\jre\lib\jfr.jar;C:\Program Files\Java\jdk1.8.0_171\jre\classes"/>
    <property name="java.vendor" value="Oracle Corporation"/>
    <property name="maven.home" value="F:\batch239\apache-maven-3.5.4\apache-maven-3.5.4\bin\.."/>
    <property name="file.separator" value="\"/>
    <property name="java.vendor.url.bug" value="http://bugreport.sun.com/bugreport/"/>
    <property name="sun.cpu.endian" value="little"/>
    <property name="sun.io.unicode.encoding" value="UnicodeLittle"/>
    <property name="sun.desktop" value="windows"/>
    <property name="sun.cpu.isalist" value="pentium_pro+mmx pentium_pro pentium+mmx pentium i486 i386 i86"/>
  </properties>
  <testcase classname="| 8688278137 | sowjanya1 | all_valid |" name="Given launch site using &quot;chrome&quot;" time="0.01"/>
  <testcase classname="| 8688278137 | sowjanya1 | all_valid |" name="When Enter mobile number as &quot;8688278137&quot;" time="0"/>
  <testcase classname="| 8688278137 | sowjanya1 | all_valid |" name="And enter password as &quot;sowjanya1&quot;" time="0"/>
  <testcase classname="| 8688278137 | sowjanya1 | all_valid |" name="And click login" time="0"/>
  <testcase classname="| 8688278137 | sowjanya1 | all_valid |" name="Then validate output for criteria &quot;all_valid&quot;" time="0"/>
  <testcase classname="| 8688278137 | sowjanya1 | all_valid |" name="And close site" time="0"/>
  <testcase classname="| 8688278137 | sowjanya1 | all_valid |" name="| 8688278137 | sowjanya1 | all_valid |" time="0.006"/>
  <testcase classname="|  | sowjanya1 | mb_no_blank |" name="Given launch site using &quot;chrome&quot;" time="0"/>
  <testcase classname="|  | sowjanya1 | mb_no_blank |" name="When Enter mobile number as &quot;&quot;" time="0"/>
  <testcase classname="|  | sowjanya1 | mb_no_blank |" name="And enter password as &quot;sowjanya1&quot;" time="0"/>
  <testcase classname="|  | sowjanya1 | mb_no_blank |" name="And click login" time="0"/>
  <testcase classname="|  | sowjanya1 | mb_no_blank |" name="Then validate output for criteria &quot;mb_no_blank&quot;" time="0"/>
  <testcase classname="|  | sowjanya1 | mb_no_blank |" name="And close site" time="0"/>
  <testcase classname="|  | sowjanya1 | mb_no_blank |" name="|  | sowjanya1 | mb_no_blank |" time="0"/>
  <testcase classname="| 8688278137 |  | pwd_blank |" name="Given launch site using &quot;chrome&quot;" time="0"/>
  <testcase classname="| 8688278137 |  | pwd_blank |" name="When Enter mobile number as &quot;8688278137&quot;" time="0"/>
  <testcase classname="| 8688278137 |  | pwd_blank |" name="And enter password as &quot;&quot;" time="0"/>
  <testcase classname="| 8688278137 |  | pwd_blank |" name="And click login" time="0"/>
  <testcase classname="| 8688278137 |  | pwd_blank |" name="Then validate output for criteria &quot;pwd_blank&quot;" time="0"/>
  <testcase classname="| 8688278137 |  | pwd_blank |" name="And close site" time="0"/>
  <testcase classname="| 8688278137 |  | pwd_blank |" name="| 8688278137 |  | pwd_blank |" time="0"/>
  <testcase classname="| 8688278136 | sowjanya1 | mb_no_invalid |" name="Given launch site using &quot;chrome&quot;" time="0"/>
  <testcase classname="| 8688278136 | sowjanya1 | mb_no_invalid |" name="When Enter mobile number as &quot;8688278136&quot;" time="0"/>
  <testcase classname="| 8688278136 | sowjanya1 | mb_no_invalid |" name="And enter password as &quot;sowjanya1&quot;" time="0"/>
  <testcase classname="| 8688278136 | sowjanya1 | mb_no_invalid |" name="And click login" time="0"/>
  <testcase classname="| 8688278136 | sowjanya1 | mb_no_invalid |" name="Then validate output for criteria &quot;mb_no_invalid&quot;" time="0"/>
  <testcase classname="| 8688278136 | sowjanya1 | mb_no_invalid |" name="And close site" time="0"/>
  <testcase classname="| 8688278136 | sowjanya1 | mb_no_invalid |" name="| 8688278136 | sowjanya1 | mb_no_invalid |" time="0"/>
  <testcase classname="| 8688278137 | sowjanya2 | pwd_invalid |" name="Given launch site using &quot;chrome&quot;" time="0"/>
  <testcase classname="| 8688278137 | sowjanya2 | pwd_invalid |" name="When Enter mobile number as &quot;8688278137&quot;" time="0"/>
  <testcase classname="| 8688278137 | sowjanya2 | pwd_invalid |" name="And enter password as &quot;sowjanya2&quot;" time="0"/>
  <testcase classname="| 8688278137 | sowjanya2 | pwd_invalid |" name="And click login" time="0"/>
  <testcase classname="| 8688278137 | sowjanya2 | pwd_invalid |" name="Then validate output for criteria &quot;pwd_invalid&quot;" time="0"/>
  <testcase classname="| 8688278137 | sowjanya2 | pwd_invalid |" name="And close site" time="0"/>
  <testcase classname="| 8688278137 | sowjanya2 | pwd_invalid |" name="| 8688278137 | sowjanya2 | pwd_invalid |" time="0"/>
</testsuite>